<?xml version="1.0" encoding="UTF-8"?>
<testsuite xmlns:xsi="http://www.w3.org/2001/XMLSchema-instance" xsi:noNamespaceSchemaLocation="https://maven.apache.org/surefire/maven-surefire-plugin/xsd/surefire-test-report.xsd" name="com.mycompany.app.AppAddTwoNumbersTest" time="0" tests="5" errors="0" skipped="0" failures="0">
  <properties>
    <property name="java.specification.version" value="21"/>
    <property name="sun.jnu.encoding" value="UTF-8"/>
    <property name="java.class.path" value="/private/var/tmp/Roost/RoostGPT/test-workflow/1714640064/source/my-app/target/test-classes:/private/var/tmp/Roost/RoostGPT/test-workflow/1714640064/source/my-app/target/classes:/Users/zettabytes/.m2/repository/org/junit/vintage/junit-vintage-engine/5.2.0/junit-vintage-engine-5.2.0.jar:/Users/zettabytes/.m2/repository/org/apiguardian/apiguardian-api/1.0.0/apiguardian-api-1.0.0.jar:/Users/zettabytes/.m2/repository/org/junit/platform/junit-platform-engine/1.2.0/junit-platform-engine-1.2.0.jar:/Users/zettabytes/.m2/repository/org/junit/platform/junit-platform-commons/1.2.0/junit-platform-commons-1.2.0.jar:/Users/zettabytes/.m2/repository/org/opentest4j/opentest4j/1.1.0/opentest4j-1.1.0.jar:/Users/zettabytes/.m2/repository/junit/junit/4.12/junit-4.12.jar:/Users/zettabytes/.m2/repository/org/hamcrest/hamcrest-core/1.3/hamcrest-core-1.3.jar:/Users/zettabytes/.m2/repository/io/spring/javaformat/spring-javaformat-formatter/0.0.40/spring-javaformat-formatter-0.0.40.jar:/Users/zettabytes/.m2/repository/io/spring/javaformat/spring-javaformat-config/0.0.40/spring-javaformat-config-0.0.40.jar:/Users/zettabytes/.m2/repository/io/spring/javaformat/spring-javaformat-formatter-eclipse-jdt-jdk8/0.0.40/spring-javaformat-formatter-eclipse-jdt-jdk8-0.0.40.jar:/Users/zettabytes/.m2/repository/io/spring/javaformat/spring-javaformat-formatter-eclipse-jdt-jdk11/0.0.40/spring-javaformat-formatter-eclipse-jdt-jdk11-0.0.40.jar:"/>
    <property name="java.vm.vendor" value="Oracle Corporation"/>
    <property name="sun.arch.data.model" value="64"/>
    <property name="java.vendor.url" value="https://java.oracle.com/"/>
    <property name="os.name" value="Mac OS X"/>
    <property name="java.vm.specification.version" value="21"/>
    <property name="sun.java.launcher" value="SUN_STANDARD"/>
    <property name="user.country" value="GB"/>
    <property name="sun.boot.library.path" value="/Library/Java/JavaVirtualMachines/jdk-21.jdk/Contents/Home/lib"/>
    <property name="sun.java.command" value="/private/var/tmp/Roost/RoostGPT/test-workflow/1714640064/source/my-app/target/surefire/surefirebooter14686481947437018161.jar /private/var/tmp/Roost/RoostGPT/test-workflow/1714640064/source/my-app/target/surefire 2024-05-02T14-30-48_683-jvmRun1 surefire5665666759846012817tmp surefire_02033890103823348815tmp"/>
    <property name="http.nonProxyHosts" value="local|*.local|169.254/16|*.169.254/16"/>
    <property name="jdk.debug" value="release"/>
    <property name="surefire.test.class.path" value="/private/var/tmp/Roost/RoostGPT/test-workflow/1714640064/source/my-app/target/test-classes:/private/var/tmp/Roost/RoostGPT/test-workflow/1714640064/source/my-app/target/classes:/Users/zettabytes/.m2/repository/org/junit/vintage/junit-vintage-engine/5.2.0/junit-vintage-engine-5.2.0.jar:/Users/zettabytes/.m2/repository/org/apiguardian/apiguardian-api/1.0.0/apiguardian-api-1.0.0.jar:/Users/zettabytes/.m2/repository/org/junit/platform/junit-platform-engine/1.2.0/junit-platform-engine-1.2.0.jar:/Users/zettabytes/.m2/repository/org/junit/platform/junit-platform-commons/1.2.0/junit-platform-commons-1.2.0.jar:/Users/zettabytes/.m2/repository/org/opentest4j/opentest4j/1.1.0/opentest4j-1.1.0.jar:/Users/zettabytes/.m2/repository/junit/junit/4.12/junit-4.12.jar:/Users/zettabytes/.m2/repository/org/hamcrest/hamcrest-core/1.3/hamcrest-core-1.3.jar:/Users/zettabytes/.m2/repository/io/spring/javaformat/spring-javaformat-formatter/0.0.40/spring-javaformat-formatter-0.0.40.jar:/Users/zettabytes/.m2/repository/io/spring/javaformat/spring-javaformat-config/0.0.40/spring-javaformat-config-0.0.40.jar:/Users/zettabytes/.m2/repository/io/spring/javaformat/spring-javaformat-formatter-eclipse-jdt-jdk8/0.0.40/spring-javaformat-formatter-eclipse-jdt-jdk8-0.0.40.jar:/Users/zettabytes/.m2/repository/io/spring/javaformat/spring-javaformat-formatter-eclipse-jdt-jdk11/0.0.40/spring-javaformat-formatter-eclipse-jdt-jdk11-0.0.40.jar:"/>
    <property name="sun.cpu.endian" value="little"/>
    <property name="user.home" value="/Users/zettabytes"/>
    <property name="user.language" value="en"/>
    <property name="java.specification.vendor" value="Oracle Corporation"/>
    <property name="java.version.date" value="2023-09-19"/>
    <property name="java.home" value="/Library/Java/JavaVirtualMachines/jdk-21.jdk/Contents/Home"/>
    <property name="file.separator" value="/"/>
    <property name="basedir" value="/private/var/tmp/Roost/RoostGPT/test-workflow/1714640064/source/my-app"/>
    <property name="java.vm.compressedOopsMode" value="Zero based"/>
    <property name="line.separator" value="&#10;"/>
    <property name="java.vm.specification.vendor" value="Oracle Corporation"/>
    <property name="java.specification.name" value="Java Platform API Specification"/>
    <property name="apple.awt.application.name" value="ForkedBooter"/>
    <property name="surefire.real.class.path" value="/private/var/tmp/Roost/RoostGPT/test-workflow/1714640064/source/my-app/target/surefire/surefirebooter14686481947437018161.jar"/>
    <property name="sun.management.compiler" value="HotSpot 64-Bit Tiered Compilers"/>
    <property name="ftp.nonProxyHosts" value="local|*.local|169.254/16|*.169.254/16"/>
    <property name="java.runtime.version" value="21+35-LTS-2513"/>
    <property name="user.name" value="zettabytes"/>
    <property name="stdout.encoding" value="UTF-8"/>
    <property name="path.separator" value=":"/>
    <property name="os.version" value="12.2.1"/>
    <property name="java.runtime.name" value="Java(TM) SE Runtime Environment"/>
    <property name="file.encoding" value="UTF-8"/>
    <property name="java.vm.name" value="Java HotSpot(TM) 64-Bit Server VM"/>
    <property name="localRepository" value="/Users/zettabytes/.m2/repository"/>
    <property name="java.vendor.url.bug" value="https://bugreport.java.com/bugreport/"/>
    <property name="java.io.tmpdir" value="/var/folders/c6/w9_kz3_11mq7fwl3205f6dj00000gn/T/"/>
    <property name="java.version" value="21"/>
    <property name="user.dir" value="/private/var/tmp/Roost/RoostGPT/test-workflow/1714640064/source/my-app"/>
    <property name="os.arch" value="x86_64"/>
    <property name="java.vm.specification.name" value="Java Virtual Machine Specification"/>
    <property name="native.encoding" value="UTF-8"/>
    <property name="java.library.path" value="/Users/zettabytes/Library/Java/Extensions:/Library/Java/Extensions:/Network/Library/Java/Extensions:/System/Library/Java/Extensions:/usr/lib/java:."/>
    <property name="java.vm.info" value="mixed mode, sharing"/>
    <property name="stderr.encoding" value="UTF-8"/>
    <property name="java.vendor" value="Oracle Corporation"/>
    <property name="java.vm.version" value="21+35-LTS-2513"/>
    <property name="sun.io.unicode.encoding" value="UnicodeBig"/>
    <property name="socksNonProxyHosts" value="local|*.local|169.254/16|*.169.254/16"/>
    <property name="java.class.version" value="65.0"/>
  </properties>
  <testcase name="testAdditionOfZeroAndNegativeNumber" classname="com.mycompany.app.AppAddTwoNumbersTest" time="0"/>
  <testcase name="testAdditionOfZeroAndPositiveNumber" classname="com.mycompany.app.AppAddTwoNumbersTest" time="0"/>
  <testcase name="testAdditionOfPositiveNumbers" classname="com.mycompany.app.AppAddTwoNumbersTest" time="0"/>
  <testcase name="testAdditionOfNegativeNumbers" classname="com.mycompany.app.AppAddTwoNumbersTest" time="0"/>
  <testcase name="testAdditionOfMaxIntegerAndPositiveNumber" classname="com.mycompany.app.AppAddTwoNumbersTest" time="0"/>
</testsuite>